Engine-Match Tuesday, May 03, 2016 2:25:49 AM
 Tournament 40/4 

Pairing 1/1 :    EtherealBitBoard  -  MicroMax4_8

PGN-File: C:\Users\Andy\Desktop\arena_3.5\Tournaments\C#635-MicroMax-40_4.pgn

No:  B/W 1/2     W:B       1:2           Time        Value Moves Dep 1:2       1-2-Draws
   1 W 1    1.0:0.0        1.0:0.0       2:32:28 AM    +M500    42 12.053 :10.316  1-0-0
   2 W 2    2.0:0.0        1.0:1.0       2:38:22 AM      +M0    41 11.440 :10.900  1-1-0
   3 W 1    3.0:0.0        2.0:1.0       2:49:15 AM    +M500    71 11.578 :10.841  2-1-0
   4 B 1    4.0:0.0        3.0:1.0       3:05:04 AM    -M500    91 11.639 :10.746  3-1-0
   5 B 2    5.0:0.0        3.0:2.0       3:09:02 AM      -M0    26 11.587 :11.467  3-2-0
   6 B 1    6.0:0.0        4.0:2.0       3:27:54 AM    -M500   106 11.491 :11.211  4-2-0
   7 = =    6.5:0.5        4.5:2.5       3:39:21 AM     0.00    69 11.451 :10.944  4-2-1
   8 W 2    7.5:0.5        4.5:3.5       3:49:52 AM      +M0    65 11.235 :10.701  4-3-1
   9 W 1    8.5:0.5        5.5:3.5       4:02:32 AM    +M500    71 11.202 :10.695  5-3-1
  10 B 1    9.5:0.5        6.5:3.5       4:13:33 AM    -M500    66 11.231 :10.661  6-3-1
  11 W 1    10.5:0.5       7.5:3.5       4:33:03 AM    +M500   116 11.341 :10.834  7-3-1
  12 B 1    11.5:0.5       8.5:3.5       4:47:35 AM    -M500    83 11.281 :10.734  8-3-1
  13 B 2    12.5:0.5       8.5:4.5       5:11:56 AM      -M0   141 11.241 :10.680  8-4-1
  14 B 1    13.5:0.5       9.5:4.5       5:33:56 AM    -M500   131 11.263 :10.656  9-4-1
  15 W 1    14.5:0.5       10.5:4.5      5:47:17 AM    +M500    80 11.321 :10.686  10-4-1
  16 B 1    15.5:0.5       11.5:4.5      6:07:10 AM    -M500   109 11.170 :10.732  11-4-1
  17 W 1    16.5:0.5       12.5:4.5      6:16:35 AM    +M500    57 11.167 :10.701  12-4-1
  18 B 1    17.5:0.5       13.5:4.5      6:29:21 AM    -M500    72 11.098 :10.663  13-4-1
  19 B 2    18.5:0.5       13.5:5.5      6:37:44 AM      -M0    55 11.121 :10.667  13-5-1
  20 W 2    19.5:0.5       13.5:6.5      6:47:29 AM      +M0    61 11.128 :10.683  13-6-1

--------------------------------------------------------------

Engine-Match Tuesday, May 03, 2016 6:47:37 AM
 Tournament 40/4 

Pairing 1/1 :    EtherealBitBoard  -  MicroMax4_8

PGN-File: C:\Users\Andy\Desktop\arena_3.5\Tournaments\C#635-MicroMax-40_4.pgn

No:  B/W 1/2     W:B       1:2           Time        Value Moves Dep 1:2       1-2-Draws
  21 B 2    1.5:0.5        13.5:7.5      6:53:44 AM      -M0    36 12.063 :12.188  13-7-1
  22 = =    2.0:1.0        14.0:8.0      7:12:58 AM    -1.24   108 11.681 :11.426  13-7-2
  23 W 1    3.0:1.0        15.0:8.0      7:28:30 AM    +M500    88 11.341 :11.012  14-7-2
  24 B 1    4.0:1.0        16.0:8.0      7:39:23 AM     0.00    41 11.402 :10.806  15-7-2
  25 = =    4.5:1.5        16.5:8.5      7:44:59 AM    +0.01    31 11.941 :10.956  15-7-3
  26 W 2    5.5:1.5        16.5:9.5      8:00:50 AM      +M0    96 11.968 :10.911  15-8-3
  27 W 1    6.5:1.5        17.5:9.5      8:18:14 AM    +M500   100 11.920 :10.864  16-8-3
  28 W 2    7.5:1.5        17.5:10.5     8:26:16 AM      +M0    49 11.934 :11.061  16-9-3
  29 = =    8.0:2.0        18.0:11.0     8:40:25 AM     0.00    83 11.850 :10.969  16-9-4
  30 B 1    9.0:2.0        19.0:11.0     9:01:20 AM    -M500   120 11.816 :10.977  17-9-4
  31 W 1    10.0:2.0       20.0:11.0     9:10:43 AM    +M500    57 11.789 :10.963  18-9-4
  32 = =    10.5:2.5       20.5:11.5     9:30:29 AM    -0.01   120 11.739 :10.983  18-9-5
  33 W 1    11.5:2.5       21.5:11.5     9:37:46 AM    +M500    47 11.763 :10.933  19-9-5
  34 = =    12.0:3.0       22.0:12.0     9:55:34 AM     0.00   109 11.796 :10.909  19-9-6
  35 W 1    13.0:3.0       23.0:12.0     10:08:07 AM    +M500    79 11.720 :10.804  20-9-6
  36 B 1    14.0:3.0       24.0:12.0     10:25:42 AM    -M500   104 11.736 :10.792  21-9-6
  37 W 1    15.0:3.0       25.0:12.0     10:41:47 AM    +M500    94 11.695 :10.751  22-9-6
  38 B 1    16.0:3.0       26.0:12.0     10:53:56 AM    -M500    73 11.616 :10.700  23-9-6
  39 B 2    17.0:3.0       26.0:13.0     11:01:49 AM      -M0    48 11.541 :10.818  23-10-6
  40 W 2    18.0:3.0       26.0:14.0     11:06:19 AM      +M0    28 11.538 :10.944  23-11-6

--------------------------------------------------------------

Engine-Match Tuesday, May 03, 2016 11:06:26 AM
 Tournament 40/4 

Pairing 1/1 :    EtherealBitBoard  -  MicroMax4_8

PGN-File: C:\Users\Andy\Desktop\arena_3.5\Tournaments\C#635-MicroMax-40_4.pgn

No:  B/W 1/2     W:B       1:2           Time        Value Moves Dep 1:2       1-2-Draws
  41 B 2    4.0:3.0        26.0:15.0     11:33:08 AM      -M0   147 10.579 :8.737  23-12-6
  42 B 1    5.0:3.0        27.0:15.0     11:44:03 AM    -M500    62 10.968 :9.452  24-12-6
  43 B 2    6.0:3.0        27.0:16.0     11:49:07 AM    -6.66    33 11.188 :9.875  24-13-6
  44 = =    6.5:3.5        27.5:16.5     12:01:50 PM    -0.01    70 11.330 :10.500  24-13-7
  45 B 2    7.5:3.5        27.5:17.5     12:09:27 PM      -M0    45 11.177 :10.462  24-14-7
  46 = =    8.0:4.0        28.0:18.0     12:22:37 PM     0.00    82 11.182 :10.426  24-14-8
  47 W 1    9.0:4.0        29.0:18.0     12:28:50 PM    +M500    39 11.207 :10.551  25-14-8
  48 W 2    10.0:4.0       29.0:19.0     12:39:45 PM      +M0    66 11.205 :10.457  25-15-8
  49 B 2    11.0:4.0       29.0:20.0     12:48:12 PM      -M0    50 11.236 :10.618  25-16-8
  50 B 1    12.0:4.0       30.0:20.0     1:00:02 PM    -M500    71 11.260 :10.592  26-16-8
  51 B 2    13.0:4.0       30.0:21.0     1:08:35 PM      -M0    58 11.225 :10.594  26-17-8
  52 B 1    14.0:4.0       31.0:21.0     1:17:59 PM    -M500    58 11.253 :10.549  27-17-8
  53 W 1    15.0:4.0       32.0:21.0     1:31:25 PM    +M500    83 11.293 :10.606  28-17-8
  54 B 1    16.0:4.0       33.0:21.0     1:45:40 PM    -M500    83 11.268 :10.572  29-17-8
  55 B 2    17.0:4.0       33.0:22.0     1:53:48 PM      -M0    53 11.309 :10.634  29-18-8
  56 W 2    18.0:4.0       33.0:23.0     2:06:06 PM      +M0    75 11.300 :10.593  29-19-8
  57 W 1    19.0:4.0       34.0:23.0     2:19:52 PM     0.00    79 11.348 :10.629  30-19-8
  58 W 2    20.0:4.0       34.0:24.0     2:27:50 PM      +M0    50 11.325 :10.627  30-20-8
  59 W 1    21.0:4.0       35.0:24.0     2:41:11 PM    +M500    78 11.303 :10.628  31-20-8
  60 = =    21.5:4.5       35.5:24.5     2:51:20 PM     0.00    61 11.297 :10.597  31-20-9

--------------------------------------------------------------

Engine-Match Tuesday, May 03, 2016 2:51:28 PM
 Tournament 40/4 

Pairing 1/1 :    EtherealBitBoard  -  MicroMax4_8

PGN-File: C:\Users\Andy\Desktop\arena_3.5\Tournaments\C#635-MicroMax-40_4.pgn

No:  B/W 1/2     W:B       1:2           Time        Value Moves Dep 1:2       1-2-Draws
  61 = =    5.0:5.0        36.0:25.0     3:18:09 PM    +4.09   146 10.806 :11.059  31-20-10
  62 = =    5.5:5.5        36.5:25.5     3:34:18 PM     0.00    93 10.780 :10.676  31-20-11
  63 W 1    6.5:5.5        37.5:25.5     3:43:59 PM    +M500    58 10.945 :10.574  32-20-11
  64 B 1    7.5:5.5        38.5:25.5     3:54:43 PM    -M500    66 10.956 :10.534  33-20-11
  65 W 1    8.5:5.5        39.5:25.5     4:12:13 PM    +M500   101 11.036 :10.505  34-20-11
  66 B 1    9.5:5.5        40.5:25.5     4:25:23 PM    -M500    77 11.048 :10.655  35-20-11
  67 W 1    10.5:5.5       41.5:25.5     4:39:58 PM    +M500    85 11.101 :10.612  36-20-11
  68 W 2    11.5:5.5       41.5:26.5     4:52:33 PM      +M0    76 11.154 :10.610  36-21-11
  69 W 1    12.5:5.5       42.5:26.5     5:07:29 PM    +M500    86 11.157 :10.625  37-21-11
  70 = =    13.0:6.0       43.0:27.0     5:30:37 PM    -0.01   127 11.156 :10.619  37-21-12
  71 W 1    14.0:6.0       44.0:27.0     5:38:23 PM    +M500    47 11.204 :10.604  38-21-12
  72 W 2    15.0:6.0       44.0:28.0     5:45:09 PM      +M0    43 11.179 :10.734  38-22-12
  73 W 1    16.0:6.0       45.0:28.0     5:52:07 PM    +M500    46 11.202 :10.755  39-22-12
  74 W 2    17.0:6.0       45.0:29.0     6:11:03 PM      +M0   105 11.141 :10.798  39-23-12
  75 B 2    18.0:6.0       45.0:30.0     6:23:07 PM      -M0    73 11.056 :10.726  39-24-12
  76 = =    18.5:6.5       45.5:30.5     6:34:26 PM     0.00    68 11.067 :10.712  39-24-13
  77 W 1    19.5:6.5       46.5:30.5     6:44:20 PM      +M2    58 11.056 :10.689  40-24-13
  78 = =    20.0:7.0       47.0:31.0     7:03:49 PM     0.00   121 11.061 :10.682  40-24-14
  79 W 1    21.0:7.0       48.0:31.0     7:15:48 PM    +M500    74 11.062 :10.685  41-24-14
  80 B 1    22.0:7.0       49.0:31.0     7:33:19 PM   -19.28    93 11.083 :10.684  42-24-14

--------------------------------------------------------------

Engine-Match Tuesday, May 03, 2016 7:33:30 PM
 Tournament 40/4 

Pairing 1/1 :    EtherealBitBoard  -  MicroMax4_8

PGN-File: C:\Users\Andy\Desktop\arena_3.5\Tournaments\C#635-MicroMax-40_4.pgn

No:  B/W 1/2     W:B       1:2           Time        Value Moves Dep 1:2       1-2-Draws
  81 W 1    8.0:7.0        50.0:31.0     7:46:18 PM    +M500    76 11.444 :10.750  43-24-14
  82 = =    8.5:7.5        50.5:31.5     7:53:20 PM     0.00    45 11.111 :10.649  43-24-15
  83 W 1    9.5:7.5        51.5:31.5     8:00:31 PM    +M500    44 11.722 :10.753  44-24-15
  84 B 1    10.5:7.5       52.5:31.5     8:17:58 PM    -M500   104 11.505 :10.586  45-24-15
  85 W 1    11.5:7.5       53.5:31.5     8:36:03 PM    +M500   103 11.444 :10.597  46-24-15
  86 W 2    12.5:7.5       53.5:32.5     8:40:56 PM      +M0    26 11.479 :10.599  46-25-15
  87 B 2    13.5:7.5       53.5:33.5     8:46:04 PM      -M0    35 11.385 :10.994  46-26-15
  88 B 1    14.5:7.5       54.5:33.5     8:59:01 PM    -M500    73 11.338 :10.965  47-26-15
  89 W 1    15.5:7.5       55.5:33.5     9:19:13 PM    +M500   120 11.297 :10.919  48-26-15
  90 = =    16.0:8.0       56.0:34.0     9:33:00 PM    +0.01    90 11.271 :10.928  48-26-16
  91 B 2    17.0:8.0       56.0:35.0     9:43:59 PM      -M0    68 11.329 :10.944  48-27-16
  92 B 1    18.0:8.0       57.0:35.0     9:55:10 PM    -M500    69 11.311 :10.839  49-27-16
  93 = =    18.5:8.5       57.5:35.5     10:05:49 PM    -3.02    64 11.260 :10.811  49-27-17
  94 B 1    19.5:8.5       58.5:35.5     10:34:53 PM    -M500   167 11.229 :10.778  50-27-17
  95 = =    20.0:9.0       59.0:36.0     10:45:44 PM     0.00    67 11.235 :10.749  50-27-18
  96 B 1    21.0:9.0       60.0:36.0     10:58:36 PM    -M500    76 11.272 :10.761  51-27-18
  97 W 1    22.0:9.0       61.0:36.0     11:23:41 PM    +M500   142 11.239 :10.719  52-27-18
  98 B 1    23.0:9.0       62.0:36.0     11:51:02 PM     0.00   137 11.200 :10.650  53-27-18
  99 W 1    24.0:9.0       63.0:36.0     12:02:09 AM    +M500    64 11.200 :10.631  54-27-18
 100 B 1    25.0:9.0       64.0:36.0     12:14:16 AM    -M500    72 11.222 :10.640  55-27-18
