Engine-Match Wednesday, May 18, 2016 2:17:34 AM
 Tournament 40/4 

Pairing 1/1 :    Ethereal7.16-Win64  -  MicroMax4_8

PGN-File: C:\Users\Andy\Desktop\arena_3.5\Tournaments\C#716-MicroMax-40_4.pgn

No:  B/W 1/2     W:B       1:2           Time        Value Moves Dep 1:2       1-2-Draws
   1 W 1    1.0:0.0        1.0:0.0       2:33:59 AM  +159.99    94 11.095 :10.262  1-0-0
   2 B 1    2.0:0.0        2.0:0.0       2:52:48 AM  -159.99   109 11.035 :10.141  2-0-0
   3 = =    2.5:0.5        2.5:0.5       3:05:37 AM    +0.01    76 10.895 :10.035  2-0-1
   4 B 1    3.5:0.5        3.5:0.5       3:25:58 AM  -159.99   114 10.992 :10.039  3-0-1
   5 W 1    4.5:0.5        4.5:0.5       3:38:14 AM  +159.99    78 11.073 :10.099  4-0-1
   6 W 2    5.5:0.5        4.5:1.5       3:52:55 AM      +M0    84 11.127 :10.263  4-1-1
   7 W 1    6.5:0.5        5.5:1.5       4:06:10 AM  +159.99    75 11.056 :10.234  5-1-1
   8 = =    7.0:1.0        6.0:2.0       4:24:40 AM    -1.00   108 11.088 :10.270  5-1-2
   9 = =    7.5:1.5        6.5:2.5       4:32:48 AM    +0.01    46 11.087 :10.315  5-1-3
  10 = =    8.0:2.0        7.0:3.0       4:42:32 AM     0.00    51 11.281 :10.469  5-1-4
  11 W 1    9.0:2.0        8.0:3.0       4:53:29 AM  +159.99    65 11.337 :10.564  6-1-4
  12 W 2    10.0:2.0       8.0:4.0       5:05:10 AM      +M0    66 11.345 :10.557  6-2-4
  13 = =    10.5:2.5       8.5:4.5       5:24:40 AM     0.00   106 11.366 :10.564  6-2-5
  14 B 1    11.5:2.5       9.5:4.5       5:31:53 AM     0.00    35 11.350 :10.506  7-2-5
  15 W 1    12.5:2.5       10.5:4.5      5:48:47 AM  +159.99    97 11.346 :10.473  8-2-5
  16 B 1    13.5:2.5       11.5:4.5      6:07:38 AM  -159.99   108 11.350 :10.498  9-2-5
  17 = =    14.0:3.0       12.0:5.0      6:14:43 AM     0.00    42 11.328 :10.458  9-2-6
  18 B 1    15.0:3.0       13.0:5.0      6:25:38 AM  -159.99    62 11.356 :10.505  10-2-6
  19 B 2    16.0:3.0       13.0:6.0      6:34:32 AM      -M0    54 11.346 :10.499  10-3-6
  20 W 2    17.0:3.0       13.0:7.0      6:39:42 AM      +M0    32 11.400 :10.542  10-4-6

--------------------------------------------------------------

Engine-Match Wednesday, May 18, 2016 6:39:49 AM
 Tournament 40/4 

Pairing 1/1 :    Ethereal7.16-Win64  -  MicroMax4_8

PGN-File: C:\Users\Andy\Desktop\arena_3.5\Tournaments\C#716-MicroMax-40_4.pgn

No:  B/W 1/2     W:B       1:2           Time        Value Moves Dep 1:2       1-2-Draws
  21 W 1    4.0:3.0        14.0:7.0      6:53:32 AM  +159.99    79 10.829 :10.225  11-4-6
  22 = =    4.5:3.5        14.5:7.5      7:10:05 AM    -0.01    93 10.954 :10.519  11-4-7
  23 W 1    5.5:3.5        15.5:7.5      7:27:51 AM  +159.99    98 10.915 :10.460  12-4-7
  24 B 1    6.5:3.5        16.5:7.5      7:45:01 AM  -159.97    91 10.989 :10.395  13-4-7
  25 = =    7.0:4.0        17.0:8.0      8:00:50 AM     0.00    93 11.052 :10.559  13-4-8
  26 W 2    8.0:4.0        17.0:9.0      8:15:44 AM      +M0    85 11.039 :10.528  13-5-8
  27 W 1    9.0:4.0        18.0:9.0      8:28:40 AM  +159.99    77 11.053 :10.558  14-5-8
  28 W 2    10.0:4.0       18.0:10.0     8:40:18 AM      +M0    63 11.064 :10.496  14-6-8
  29 W 1    11.0:4.0       19.0:10.0     8:49:05 AM  +159.99    54 11.042 :10.454  15-6-8
  30 W 2    12.0:4.0       19.0:11.0     9:02:04 AM      +M0    74 11.058 :10.506  15-7-8
  31 W 1    13.0:4.0       20.0:11.0     9:22:21 AM     0.00    98 11.062 :10.496  16-7-8
  32 B 1    14.0:4.0       21.0:11.0     9:35:24 AM  -159.99    71 11.048 :10.398  17-7-8
  33 = =    14.5:4.5       21.5:11.5     10:00:23 AM    +1.42   139 11.046 :10.372  17-7-9
  34 = =    15.0:5.0       22.0:12.0     10:09:13 AM    -0.01    50 11.061 :10.354  17-7-10
  35 W 1    16.0:5.0       23.0:12.0     10:22:35 AM  +159.99    77 11.069 :10.351  18-7-10
  36 = =    16.5:5.5       23.5:12.5     10:27:03 AM     0.00    27 11.104 :10.415  18-7-11
  37 W 1    17.5:5.5       24.5:12.5     10:37:12 AM  +159.99    61 11.143 :10.451  19-7-11
  38 B 1    18.5:5.5       25.5:12.5     10:47:06 AM  -159.99    59 11.174 :10.466  20-7-11
  39 B 2    19.5:5.5       25.5:13.5     10:56:34 AM      -M0    55 11.214 :10.457  20-8-11
  40 B 1    20.5:5.5       26.5:13.5     11:04:29 AM  -159.99    48 11.229 :10.474  21-8-11

--------------------------------------------------------------

Engine-Match Wednesday, May 18, 2016 11:04:36 AM
 Tournament 40/4 

Pairing 1/1 :    Ethereal7.16-Win64  -  MicroMax4_8

PGN-File: C:\Users\Andy\Desktop\arena_3.5\Tournaments\C#716-MicroMax-40_4.pgn

No:  B/W 1/2     W:B       1:2           Time        Value Moves Dep 1:2       1-2-Draws
  41 W 1    6.5:5.5        27.5:13.5     11:14:42 AM  +159.99    59 11.071 :10.381  22-8-11
  42 B 1    7.5:5.5        28.5:13.5     11:23:10 AM  -159.99    52 11.043 :10.304  23-8-11
  43 = =    8.0:6.0        29.0:14.0     11:47:00 AM    +0.01   138 10.870 :10.087  23-8-12
  44 = =    8.5:6.5        29.5:14.5     11:55:56 AM    -0.01    50 11.058 :10.283  23-8-13
  45 W 1    9.5:6.5        30.5:14.5     12:03:17 PM  +159.99    44 11.124 :10.757  24-8-13
  46 = =    10.0:7.0       31.0:15.0     12:13:58 PM     0.00    62 11.060 :10.572  24-8-14
  47 B 2    11.0:7.0       31.0:16.0     12:29:11 PM      -M0    92 11.080 :10.654  24-9-14
  48 = =    11.5:7.5       31.5:16.5     12:42:16 PM     0.00    74 11.202 :10.733  24-9-15
  49 W 1    12.5:7.5       32.5:16.5     12:57:53 PM  +159.99    89 11.117 :10.699  25-9-15
  50 B 1    13.5:7.5       33.5:16.5     1:14:22 PM  -159.99    92 11.145 :10.672  26-9-15
  51 W 1    14.5:7.5       34.5:16.5     1:19:56 PM  +159.99    35 11.144 :10.762  27-9-15
  52 B 1    15.5:7.5       35.5:16.5     1:24:50 PM  -159.99    30 11.138 :10.820  28-9-15
  53 = =    16.0:8.0       36.0:17.0     1:34:56 PM     0.00    61 11.136 :10.789  28-9-16
  54 B 1    17.0:8.0       37.0:17.0     1:45:00 PM  -159.99    60 11.162 :10.762  29-9-16
  55 W 1    18.0:8.0       38.0:17.0     1:55:00 PM  +159.99    57 11.216 :10.763  30-9-16
  56 W 2    19.0:8.0       38.0:18.0     2:04:30 PM      +M0    61 11.157 :10.713  30-10-16
  57 W 1    20.0:8.0       39.0:18.0     2:26:14 PM  +159.99   118 11.138 :10.705  31-10-16
  58 W 2    21.0:8.0       39.0:19.0     2:40:42 PM      +M0    86 11.159 :10.733  31-11-16
  59 = =    21.5:8.5       39.5:19.5     3:00:05 PM    +1.22   110 11.143 :10.714  31-11-17
  60 W 2    22.5:8.5       39.5:20.5     3:18:34 PM      +M0   104 11.171 :10.697  31-12-17

--------------------------------------------------------------

Engine-Match Wednesday, May 18, 2016 3:18:41 PM
 Tournament 40/4 

Pairing 1/1 :    Ethereal7.16-Win64  -  MicroMax4_8

PGN-File: C:\Users\Andy\Desktop\arena_3.5\Tournaments\C#716-MicroMax-40_4.pgn

No:  B/W 1/2     W:B       1:2           Time        Value Moves Dep 1:2       1-2-Draws
  61 W 1    9.5:8.5        40.5:20.5     3:25:56 PM  +159.99    46 11.028 :10.722  32-12-17
  62 W 2    10.5:8.5       40.5:21.5     3:42:17 PM      +M0    93 11.212 :10.706  32-13-17
  63 = =    11.0:9.0       41.0:22.0     3:53:16 PM     0.00    61 11.235 :10.543  32-13-18
  64 B 1    12.0:9.0       42.0:22.0     4:09:48 PM  -159.99    98 11.031 :10.302  33-13-18
  65 W 1    13.0:9.0       43.0:22.0     4:24:54 PM  +159.99    96 11.113 :10.264  34-13-18
  66 = =    13.5:9.5       43.5:22.5     4:45:33 PM     0.00   118 11.077 :10.236  34-13-19
  67 = =    14.0:10.0      44.0:23.0     4:59:54 PM    +0.01    83 11.089 :10.186  34-13-20
  68 B 1    15.0:10.0      45.0:23.0     5:06:15 PM  -159.99    39 11.160 :10.498  35-13-20
  69 B 2    16.0:10.0      45.0:24.0     5:23:55 PM      -M0   103 11.149 :10.461  35-14-20
  70 B 1    17.0:10.0      46.0:24.0     5:36:10 PM  -159.99    68 11.138 :10.514  36-14-20
  71 = =    17.5:10.5      46.5:24.5     5:38:50 PM    +0.01    20 11.178 :10.525  36-14-21
  72 = =    18.0:11.0      47.0:25.0     5:51:36 PM     0.00    71 11.241 :10.590  36-14-22
  73 = =    18.5:11.5      47.5:25.5     6:14:32 PM     0.00   131 11.220 :10.533  36-14-23
  74 = =    19.0:12.0      48.0:26.0     6:25:32 PM     0.00    61 11.183 :10.587  36-14-24
  75 W 1    20.0:12.0      49.0:26.0     6:37:09 PM  +159.99    70 11.190 :10.563  37-14-24
  76 W 2    21.0:12.0      49.0:27.0     6:49:54 PM      +M0    78 11.180 :10.545  37-15-24
  77 W 1    22.0:12.0      50.0:27.0     7:01:24 PM  +159.99    67 11.234 :10.610  38-15-24
  78 B 1    23.0:12.0      51.0:27.0     7:09:46 PM  -159.99    53 11.206 :10.573  39-15-24
  79 B 2    24.0:12.0      51.0:28.0     7:26:15 PM      -M0    93 11.218 :10.617  39-16-24
  80 B 1    25.0:12.0      52.0:28.0     7:36:52 PM  -159.99    72 11.210 :10.611  40-16-24

--------------------------------------------------------------

Engine-Match Wednesday, May 18, 2016 7:36:59 PM
 Tournament 40/4 

Pairing 1/1 :    Ethereal7.16-Win64  -  MicroMax4_8

PGN-File: C:\Users\Andy\Desktop\arena_3.5\Tournaments\C#716-MicroMax-40_4.pgn

No:  B/W 1/2     W:B       1:2           Time        Value Moves Dep 1:2       1-2-Draws
  81 = =    12.5:12.5      52.5:28.5     7:50:53 PM     0.00    75 11.429 :10.700  40-16-25
  82 B 1    13.5:12.5      53.5:28.5     8:07:34 PM  -159.99    91 11.043 :10.089  41-16-25
  83 B 2    14.5:12.5      53.5:29.5     8:18:53 PM      -M0    62 10.931 :10.101  41-17-25
  84 B 1    15.5:12.5      54.5:29.5     8:34:29 PM  -159.99    87 10.812 :10.054  42-17-25
  85 = =    16.0:13.0      55.0:30.0     8:46:15 PM    -2.99    70 10.876 :10.126  42-17-26
  86 W 2    17.0:13.0      55.0:31.0     8:56:55 PM      +M0    62 10.891 :10.079  42-18-26
  87 B 2    18.0:13.0      55.0:32.0     9:12:05 PM      -M0    90 10.930 :10.204  42-19-26
  88 W 2    19.0:13.0      55.0:33.0     9:22:25 PM      +M0    58 10.961 :10.464  42-20-26
  89 W 1    20.0:13.0      56.0:33.0     9:36:52 PM  +159.99    79 10.949 :10.366  43-20-26
  90 B 1    21.0:13.0      57.0:33.0     9:50:24 PM  -159.99    72 10.967 :10.333  44-20-26
  91 W 1    22.0:13.0      58.0:33.0     10:00:23 PM  +159.99    57 10.951 :10.414  45-20-26
  92 B 1    23.0:13.0      59.0:33.0     10:21:24 PM  -159.99   119 10.953 :10.372  46-20-26
  93 B 2    24.0:13.0      59.0:34.0     10:36:13 PM      -M0    82 10.967 :10.388  46-21-26
  94 B 1    25.0:13.0      60.0:34.0     10:46:23 PM  -159.99    62 11.004 :10.426  47-21-26
  95 W 1    26.0:13.0      61.0:34.0     10:57:59 PM  +159.99    73 11.004 :10.420  48-21-26
  96 B 1    27.0:13.0      62.0:34.0     11:24:30 PM  -159.99   149 11.005 :10.425  49-21-26
  97 B 2    28.0:13.0      62.0:35.0     11:35:10 PM      -M0    63 10.998 :10.415  49-22-26
  98 B 1    29.0:13.0      63.0:35.0     11:56:37 PM     0.00   115 10.979 :10.394  50-22-26
  99 = =    29.5:13.5      63.5:35.5     12:30:13 AM    -0.05   174 10.984 :10.398  50-22-27
 100 W 2    30.5:13.5      63.5:36.5     12:37:42 AM      +M0    49 11.011 :10.394  50-23-27
