Engine-Match Thursday, May 19, 2016 3:43:10 AM
 Tournament 40/4 

Pairing 1/1 :    EtherealBitBoard  -  MicroMax4_8

PGN-File: C:\Users\Andy\Desktop\arena_3.5\Tournaments\C#722b-MicroMax-40_4.pgn

No:  B/W 1/2     W:B       1:2           Time        Value Moves Dep 1:2       1-2-Draws
   1 * *     0.0:0.0        0.0:0.0       3:54:48 AM    +4.13    70 11.300 :9.677  0-0-0

--------------------------------------------------------------

Engine-Match Thursday, May 19, 2016 3:56:10 AM
 Tournament 40/4 

Pairing 1/1 :    EtherealBitBoard  -  MicroMax4_8

PGN-File: C:\Users\Andy\Desktop\arena_3.5\Tournaments\C#722b-MicroMax-40_4.pgn

No:  B/W 1/2     W:B       1:2           Time        Value Moves Dep 1:2       1-2-Draws
   1 W 1    1.0:0.0        1.0:0.0       4:07:57 AM  +159.99    74 12.220 :10.237  1-0-0
   2 W 2    2.0:0.0        1.0:1.0       4:21:37 AM      +M0    83 12.856 :10.723  1-1-0
   3 W 1    3.0:0.0        2.0:1.0       4:30:10 AM  +159.99    52 13.168 :10.859  2-1-0
   4 B 1    4.0:0.0        3.0:1.0       4:40:30 AM  -159.99    65 13.151 :10.807  3-1-0
   5 W 1    5.0:0.0        4.0:1.0       4:48:03 AM  +159.99    48 12.966 :10.621  4-1-0
   6 W 2    6.0:0.0        4.0:2.0       5:02:27 AM      +M0    89 12.934 :10.729  4-2-0
   7 W 1    7.0:0.0        5.0:2.0       5:12:38 AM  +159.99    61 12.918 :10.732  5-2-0
   8 W 2    8.0:0.0        5.0:3.0       5:22:17 AM      +M0    62 12.946 :10.735  5-3-0
   9 W 1    9.0:0.0        6.0:3.0       5:36:18 AM  +159.99    80 12.913 :10.742  6-3-0
  10 = =    9.5:0.5        6.5:3.5       5:53:27 AM    +0.14   102 12.894 :10.680  6-3-1
  11 W 1    10.5:0.5       7.5:3.5       6:04:30 AM  +159.99    68 12.921 :10.695  7-3-1
  12 B 1    11.5:0.5       8.5:3.5       6:26:56 AM  -159.99   131 13.092 :11.083  8-3-1
  13 B 2    12.5:0.5       8.5:4.5       6:38:02 AM      -M0    67 13.087 :11.034  8-4-1
  14 = =    13.0:1.0       9.0:5.0       6:44:30 AM     0.00    40 13.062 :11.021  8-4-2
  15 B 2    14.0:1.0       9.0:6.0       6:56:57 AM      -M0    72 13.030 :10.992  8-5-2
  16 B 1    15.0:1.0       10.0:6.0      7:09:51 AM  -159.99    72 13.033 :10.939  9-5-2
  17 = =    15.5:1.5       10.5:6.5      7:29:30 AM    +0.01   112 13.014 :11.120  9-5-3
  18 B 1    16.5:1.5       11.5:6.5      7:42:18 AM  -159.99    75 13.037 :11.099  10-5-3
  19 = =    17.0:2.0       12.0:7.0      7:56:54 AM    +2.65    88 12.975 :11.132  10-5-4
  20 B 1    18.0:2.0       13.0:7.0      8:07:40 AM  -159.99    64 12.967 :11.093  11-5-4

--------------------------------------------------------------

Engine-Match Thursday, May 19, 2016 8:07:47 AM
 Tournament 40/4 

Pairing 1/1 :    EtherealBitBoard  -  MicroMax4_8

PGN-File: C:\Users\Andy\Desktop\arena_3.5\Tournaments\C#722b-MicroMax-40_4.pgn

No:  B/W 1/2     W:B       1:2           Time        Value Moves Dep 1:2       1-2-Draws
  21 W 1    3.0:2.0        14.0:7.0      8:16:20 AM  +159.99    56 13.292 :11.167  12-5-4
  22 B 1    4.0:2.0        15.0:7.0      8:24:17 AM  -159.99    51 13.000 :10.690  13-5-4
  23 = =    4.5:2.5        15.5:7.5      8:41:22 AM    +1.02   103 12.435 :11.577  13-5-5
  24 B 1    5.5:2.5        16.5:7.5      8:48:36 AM  -159.99    42 12.474 :11.540  14-5-5
  25 W 1    6.5:2.5        17.5:7.5      8:58:22 AM  +159.99    59 12.655 :11.468  15-5-5
  26 = =    7.0:3.0        18.0:8.0      9:25:16 AM    -0.31   142 12.658 :11.316  15-5-6
  27 W 1    8.0:3.0        19.0:8.0      9:30:21 AM  +159.99    36 12.761 :11.494  16-5-6
  28 W 2    9.0:3.0        19.0:9.0      9:40:02 AM      +M0    58 12.815 :11.464  16-6-6
  29 = =    9.5:3.5        19.5:9.5      9:50:06 AM     0.00    59 12.898 :11.383  16-6-7
  30 = =    10.0:4.0       20.0:10.0     10:09:12 AM    -1.10   114 12.909 :11.354  16-6-8
  31 W 1    11.0:4.0       21.0:10.0     10:25:49 AM  +159.99    98 12.793 :11.226  17-6-8
  32 B 1    12.0:4.0       22.0:10.0     10:32:50 AM  -159.99    42 12.827 :11.201  18-6-8
  33 W 1    13.0:4.0       23.0:10.0     10:37:54 AM  +159.99    36 12.862 :11.163  19-6-8
  34 B 1    14.0:4.0       24.0:10.0     10:45:53 AM  -159.99    46 12.854 :11.072  20-6-8
  35 = =    14.5:4.5       24.5:10.5     11:22:29 AM    +3.15   209 12.842 :11.288  20-6-9
  36 B 1    15.5:4.5       25.5:10.5     11:34:50 AM  -159.99    74 12.813 :11.166  21-6-9
  37 W 1    16.5:4.5       26.5:10.5     11:44:43 AM  +159.99    60 12.802 :11.093  22-6-9
  38 W 2    17.5:4.5       26.5:11.5     11:59:34 AM      +M0    84 12.806 :11.038  22-7-9
  39 W 1    18.5:4.5       27.5:11.5     12:14:25 PM  +159.99    87 12.838 :11.036  23-7-9
  40 = =    19.0:5.0       28.0:12.0     12:26:00 PM    +0.03    96 12.810 :10.999  23-7-10

--------------------------------------------------------------

Engine-Match Thursday, May 19, 2016 12:26:07 PM
 Tournament 40/4 

Pairing 1/1 :    EtherealBitBoard  -  MicroMax4_8

PGN-File: C:\Users\Andy\Desktop\arena_3.5\Tournaments\C#722b-MicroMax-40_4.pgn

No:  B/W 1/2     W:B       1:2           Time        Value Moves Dep 1:2       1-2-Draws
  41 W 1    6.0:5.0        29.0:12.0     12:31:35 PM  +159.99    39 13.038 :10.148  24-7-10
  42 B 1    7.0:5.0        30.0:12.0     12:49:40 PM  -159.99   109 12.772 :9.879  25-7-10
  43 W 1    8.0:5.0        31.0:12.0     12:58:45 PM  +159.99    58 12.788 :9.951  26-7-10
  44 = =    8.5:5.5        31.5:12.5     1:20:39 PM    +0.40   129 12.811 :9.989  26-7-11
  45 W 1    9.5:5.5        32.5:12.5     1:27:59 PM  +159.99    46 12.729 :10.420  27-7-11
  46 = =    10.0:6.0       33.0:13.0     1:41:49 PM    -0.01    82 12.698 :10.335  27-7-12
  47 W 1    11.0:6.0       34.0:13.0     1:59:36 PM  +159.99   108 12.615 :10.461  28-7-12
  48 B 1    12.0:6.0       35.0:13.0     2:08:00 PM  -159.99    52 12.581 :10.402  29-7-12
  49 = =    12.5:6.5       35.5:13.5     2:32:00 PM     0.00   139 12.616 :10.472  29-7-13
  50 = =    13.0:7.0       36.0:14.0     2:50:40 PM     0.00   113 12.563 :10.455  29-7-14
  51 W 1    14.0:7.0       37.0:14.0     3:05:26 PM  +159.99    90 12.620 :10.418  30-7-14
  52 = =    14.5:7.5       37.5:14.5     3:15:25 PM     0.00    57 12.662 :10.444  30-7-15
  53 B 2    15.5:7.5       37.5:15.5     3:24:15 PM      -M0    53 12.715 :10.489  30-8-15
  54 = =    16.0:8.0       38.0:16.0     3:35:38 PM    -0.01    62 12.784 :10.552  30-8-16
  55 W 1    17.0:8.0       39.0:16.0     3:44:55 PM  +159.99    60 12.774 :10.528  31-8-16
  56 W 2    18.0:8.0       39.0:17.0     4:05:02 PM      +M0   118 12.764 :10.515  31-9-16
  57 W 1    19.0:8.0       40.0:17.0     4:15:41 PM  +159.99    65 12.795 :10.522  32-9-16
  58 B 1    20.0:8.0       41.0:17.0     4:25:51 PM  -159.99    59 12.836 :10.545  33-9-16
  59 W 1    21.0:8.0       42.0:17.0     4:43:09 PM  +159.99    93 12.802 :10.538  34-9-16
  60 B 1    22.0:8.0       43.0:17.0     4:54:46 PM  -159.99    66 12.837 :10.558  35-9-16

--------------------------------------------------------------

Engine-Match Thursday, May 19, 2016 4:54:53 PM
 Tournament 40/4 

Pairing 1/1 :    EtherealBitBoard  -  MicroMax4_8

PGN-File: C:\Users\Andy\Desktop\arena_3.5\Tournaments\C#722b-MicroMax-40_4.pgn

No:  B/W 1/2     W:B       1:2           Time        Value Moves Dep 1:2       1-2-Draws
  61 W 1    9.0:8.0        44.0:17.0     5:09:14 PM  +159.99    84 12.750 :11.000  36-9-16
  62 W 2    10.0:8.0       44.0:18.0     5:17:27 PM      +M0    55 12.938 :11.231  36-10-16
  63 W 1    11.0:8.0       45.0:18.0     5:28:37 PM  +159.99    65 12.886 :10.833  37-10-16
  64 W 2    12.0:8.0       45.0:19.0     5:37:14 PM      +M0    57 12.960 :10.833  37-11-16
  65 B 2    13.0:8.0       45.0:20.0     5:53:30 PM      -M0    99 12.822 :10.821  37-12-16
  66 W 2    14.0:8.0       45.0:21.0     6:04:06 PM      +M0    62 12.878 :10.822  37-13-16
  67 W 1    15.0:8.0       46.0:21.0     6:15:09 PM  +159.99    72 12.819 :10.763  38-13-16
  68 B 1    16.0:8.0       47.0:21.0     6:23:30 PM  -159.99    49 12.814 :10.643  39-13-16
  69 W 1    17.0:8.0       48.0:21.0     6:36:24 PM  +159.99    69 12.859 :10.706  40-13-16
  70 B 1    18.0:8.0       49.0:21.0     6:44:06 PM  -159.99    51 12.882 :10.694  41-13-16
  71 W 1    19.0:8.0       50.0:21.0     6:54:37 PM  +159.99    65 12.997 :11.030  42-13-16
  72 B 1    20.0:8.0       51.0:21.0     7:06:16 PM  -159.99    67 13.079 :11.010  43-13-16
  73 W 1    21.0:8.0       52.0:21.0     7:16:13 PM  +159.99    56 13.090 :11.153  44-13-16
  74 W 2    22.0:8.0       52.0:22.0     7:25:00 PM      +M0    56 13.110 :11.145  44-14-16
  75 W 1    23.0:8.0       53.0:22.0     7:36:02 PM  +159.99    68 13.118 :11.118  45-14-16
  76 = =    23.5:8.5       53.5:22.5     7:45:12 PM     0.00    58 13.119 :11.102  45-14-17
  77 = =    24.0:9.0       54.0:23.0     7:56:42 PM     0.00    70 13.070 :11.016  45-14-18
  78 B 1    25.0:9.0       55.0:23.0     8:06:59 PM  -159.99    59 13.170 :11.063  46-14-18
  79 B 2    26.0:9.0       55.0:24.0     8:20:32 PM      -M0    77 13.116 :10.976  46-15-18
  80 B 1    27.0:9.0       56.0:24.0     8:40:09 PM     0.00   104 13.117 :10.983  47-15-18

--------------------------------------------------------------

Engine-Match Thursday, May 19, 2016 8:40:22 PM
 Tournament 40/4 

Pairing 1/1 :    EtherealBitBoard  -  MicroMax4_8

PGN-File: C:\Users\Andy\Desktop\arena_3.5\Tournaments\C#722b-MicroMax-40_4.pgn

No:  B/W 1/2     W:B       1:2           Time        Value Moves Dep 1:2       1-2-Draws
  81 W 1    10.0:9.0       57.0:24.0     8:57:27 PM  +159.99    99 13.727 :11.200  48-15-18
  82 B 1    11.0:9.0       58.0:24.0     9:13:22 PM  -159.99    91 12.439 :10.088  49-15-18
  83 W 1    12.0:9.0       59.0:24.0     9:20:53 PM  +159.99    49 12.467 :10.133  50-15-18
  84 B 1    13.0:9.0       60.0:24.0     9:44:28 PM  -159.99   135 12.705 :10.298  51-15-18
  85 W 1    14.0:9.0       61.0:24.0     9:57:40 PM  +159.99    79 12.669 :10.281  52-15-18
  86 B 1    15.0:9.0       62.0:24.0     10:06:56 PM  -159.99    58 12.674 :10.248  53-15-18
  87 W 1    16.0:9.0       63.0:24.0     10:12:55 PM  +159.99    39 12.818 :10.406  54-15-18
  88 B 1    17.0:9.0       64.0:24.0     10:30:52 PM  -159.99   104 12.737 :10.370  55-15-18
  89 W 1    18.0:9.0       65.0:24.0     10:36:03 PM  +159.99    36 12.801 :10.390  56-15-18
  90 W 2    19.0:9.0       65.0:25.0     10:50:02 PM      +M0    81 12.705 :10.363  56-16-18
  91 W 1    20.0:9.0       66.0:25.0     10:57:23 PM  +159.99    48 12.729 :10.466  57-16-18
  92 B 1    21.0:9.0       67.0:25.0     11:11:29 PM     0.00    74 12.747 :10.497  58-16-18
  93 W 1    22.0:9.0       68.0:25.0     11:22:55 PM  +159.99    65 12.724 :10.476  59-16-18
  94 B 1    23.0:9.0       69.0:25.0     11:29:38 PM     0.00    40 12.645 :10.344  60-16-18
  95 W 1    24.0:9.0       70.0:25.0     11:40:20 PM  +159.99    67 12.655 :10.291  61-16-18
  96 B 1    25.0:9.0       71.0:25.0     11:48:41 PM  -159.99    53 12.653 :10.277  62-16-18
  97 W 1    26.0:9.0       72.0:25.0     12:01:07 AM  +159.99    76 12.649 :10.262  63-16-18
  98 = =    26.5:9.5       72.5:25.5     12:11:24 AM     0.00    62 12.688 :10.334  63-16-19
  99 W 1    27.5:9.5       73.5:25.5     12:20:48 AM  +159.99    57 12.663 :10.306  64-16-19
 100 B 1    28.5:9.5       74.5:25.5     12:29:15 AM  -159.99    52 12.616 :10.316  65-16-19
