Engine-Match Wednesday, April 27, 2016 3:04:38 AM
 Tournament 40/4 

Pairing 1/1 :    MicroMax4_8  -  EtherealBitBoard

PGN-File: C:\Users\Andy\Desktop\arena_3.5\Tournaments\C#621-MicroMax-40_4.pgn

No:  B/W 1/2     W:B       1:2           Time        Value Moves Dep 1:2       1-2-Draws
   1 B 2    1.0:0.0        0.0:1.0       3:18:31 AM    -M500    79 10.522 :11.826  0-1-0
   2 W 2    2.0:0.0        0.0:2.0       3:27:32 AM    +M500    55 10.620 :11.980  0-2-0
   3 = =    2.5:0.5        0.5:2.5       3:40:34 AM     0.00    79 10.740 :11.536  0-2-1
   4 W 2    3.5:0.5        0.5:3.5       3:48:15 AM    +M500    46 10.422 :11.385  0-3-1
   5 = =    4.0:1.0        1.0:4.0       4:08:16 AM    -2.89   118 10.391 :11.329  0-3-2
   6 = =    4.5:1.5        1.5:4.5       4:26:54 AM    +0.01   113 10.427 :11.321  0-3-3
   7 B 2    5.5:1.5        1.5:5.5       4:40:03 AM    -M500    74 10.376 :11.316  0-4-3
   8 B 1    6.5:1.5        2.5:5.5       4:44:23 AM      -M0    29 10.667 :11.361  1-4-3
   9 = =    7.0:2.0        3.0:6.0       4:57:40 AM     0.00    74 10.621 :11.377  1-4-4
  10 B 1    8.0:2.0        4.0:6.0       5:14:38 AM      -M0   103 10.604 :11.356  2-4-4
  11 W 1    9.0:2.0        5.0:6.0       5:23:25 AM      +M0    54 10.660 :11.417  3-4-4
  12 W 2    10.0:2.0       5.0:7.0       5:38:23 AM    +M500    87 10.628 :11.384  3-5-4
  13 = =    10.5:2.5       5.5:7.5       5:57:18 AM     0.00   113 10.599 :11.364  3-5-5
  14 W 2    11.5:2.5       5.5:8.5       6:03:46 AM    +M500    39 10.584 :11.414  3-6-5
  15 = =    12.0:3.0       6.0:9.0       6:22:37 AM    +0.40   106 10.548 :11.339  3-6-6
  16 B 1    13.0:3.0       7.0:9.0       6:29:46 AM      -M0    48 10.588 :11.359  4-6-6
  17 B 2    14.0:3.0       7.0:10.0      6:44:00 AM     0.00    75 10.588 :11.333  4-7-6
  18 W 2    15.0:3.0       7.0:11.0      6:56:24 AM    +M500    72 10.586 :11.331  4-8-6
  19 W 1    16.0:3.0       8.0:11.0      7:04:47 AM      +M0    50 10.617 :11.367  5-8-6
  20 B 1    17.0:3.0       9.0:11.0      7:12:41 AM      -M0    46 10.726 :11.351  6-8-6

--------------------------------------------------------------

Engine-Match Wednesday, April 27, 2016 7:12:50 AM
 Tournament 40/4 

Pairing 1/1 :    MicroMax4_8  -  EtherealBitBoard

PGN-File: C:\Users\Andy\Desktop\arena_3.5\Tournaments\C#621-MicroMax-40_4.pgn

No:  B/W 1/2     W:B       1:2           Time        Value Moves Dep 1:2       1-2-Draws
  21 W 1    4.0:3.0        10.0:11.0     7:21:07 AM      +M0    54 10.077 :11.923  7-8-6
  22 B 1    5.0:3.0        11.0:11.0     7:34:24 AM      -M0    75 9.852 :10.758  8-8-6
  23 B 2    6.0:3.0        11.0:12.0     7:45:13 AM    -M500    62 10.043 :10.871  8-9-6
  24 B 1    7.0:3.0        12.0:12.0     7:51:34 AM      -M0    44 10.330 :11.000  9-9-6
  25 B 2    8.0:3.0        12.0:13.0     8:00:07 AM    -M500    53 10.435 :11.122  9-10-6
  26 = =    8.5:3.5        12.5:13.5     8:10:17 AM     0.00    63 10.392 :11.103  9-10-7
  27 B 2    9.5:3.5        12.5:14.5     8:27:02 AM    -M500    93 10.539 :11.162  9-11-7
  28 W 2    10.5:3.5       12.5:15.5     8:39:59 AM    +M500    73 10.344 :11.176  9-12-7
  29 B 2    11.5:3.5       12.5:16.5     9:06:01 AM    -M500   139 10.332 :11.181  9-13-7
  30 W 2    12.5:3.5       12.5:17.5     9:13:01 AM     0.00    39 10.304 :11.118  9-14-7
  31 B 2    13.5:3.5       12.5:18.5     9:25:27 AM    -M500    70 10.271 :11.096  9-15-7
  32 = =    14.0:4.0       13.0:19.0     9:40:41 AM     0.00    92 10.271 :11.089  9-15-8
  33 B 2    15.0:4.0       13.0:20.0     9:59:00 AM    -M500   101 10.263 :11.077  9-16-8
  34 B 1    16.0:4.0       14.0:20.0     10:08:56 AM      -M0    56 10.290 :11.085  10-16-8
  35 B 2    17.0:4.0       14.0:21.0     10:21:52 AM    -M500    78 10.275 :11.064  10-17-8
  36 W 2    18.0:4.0       14.0:22.0     10:37:07 AM    +M500    87 10.285 :11.062  10-18-8
  37 W 1    19.0:4.0       15.0:22.0     10:48:51 AM      +M0    70 10.248 :11.052  11-18-8
  38 W 2    20.0:4.0       15.0:23.0     11:00:43 AM    +M500    67 10.206 :11.035  11-19-8
  39 = =    20.5:4.5       15.5:23.5     11:25:56 AM    +1.80   144 10.220 :11.057  11-19-9
  40 W 2    21.5:4.5       15.5:24.5     11:34:10 AM    +M500    51 10.205 :11.071  11-20-9

--------------------------------------------------------------

Engine-Match Wednesday, April 27, 2016 11:34:18 AM
 Tournament 40/4 

Pairing 1/1 :    MicroMax4_8  -  EtherealBitBoard

PGN-File: C:\Users\Andy\Desktop\arena_3.5\Tournaments\C#621-MicroMax-40_4.pgn

No:  B/W 1/2     W:B       1:2           Time        Value Moves Dep 1:2       1-2-Draws
  41 B 2    5.5:4.5        15.5:25.5     11:47:03 AM    -M500    69 11.234 :11.979  11-21-9
  42 = =    6.0:5.0        16.0:26.0     12:02:33 PM    -0.33    88 10.600 :11.353  11-21-10
  43 W 1    7.0:5.0        17.0:26.0     12:18:40 PM      +M0    92 10.555 :11.358  12-21-10
  44 W 2    8.0:5.0        17.0:27.0     12:31:00 PM    +M500    75 10.733 :11.418  12-22-10
  45 B 2    9.0:5.0        17.0:28.0     12:43:07 PM    -M500    68 10.517 :11.281  12-23-10
  46 W 2    10.0:5.0       17.0:29.0     12:49:40 PM    +M500    43 10.608 :11.328  12-24-10
  47 = =    10.5:5.5       17.5:29.5     1:09:18 PM    -2.88   117 10.558 :11.300  12-24-11
  48 B 1    11.5:5.5       18.5:29.5     1:19:36 PM      -M0    62 10.521 :11.229  13-24-11
  49 W 1    12.5:5.5       19.5:29.5     1:33:24 PM      +M0    82 10.530 :11.212  14-24-11
  50 W 2    13.5:5.5       19.5:30.5     1:49:56 PM    +M500    94 10.636 :11.286  14-25-11
  51 = =    14.0:6.0       20.0:31.0     2:07:03 PM     0.00   100 10.607 :11.275  14-25-12
  52 W 2    15.0:6.0       20.0:32.0     2:19:28 PM    +M500    75 10.527 :11.221  14-26-12
  53 = =    15.5:6.5       20.5:32.5     2:41:33 PM     0.00   129 10.495 :11.184  14-26-13
  54 B 1    16.5:6.5       21.5:32.5     2:56:36 PM      -M0    86 10.502 :11.227  15-26-13
  55 B 2    17.5:6.5       21.5:33.5     3:10:22 PM     0.00    79 10.484 :11.211  15-27-13
  56 = =    18.0:7.0       22.0:34.0     3:36:32 PM    -0.04   149 10.541 :11.194  15-27-14
  57 = =    18.5:7.5       22.5:34.5     3:44:14 PM     0.00    45 10.519 :11.222  15-27-15
  58 B 1    19.5:7.5       23.5:34.5     3:52:01 PM      -M0    49 10.523 :11.229  16-27-15
  59 = =    20.0:8.0       24.0:35.0     4:01:13 PM     0.00    57 10.509 :11.231  16-27-16
  60 W 2    21.0:8.0       24.0:36.0     4:15:29 PM    +M500    83 10.484 :11.238  16-28-16

--------------------------------------------------------------

Engine-Match Wednesday, April 27, 2016 4:15:36 PM
 Tournament 40/4 

Pairing 1/1 :    MicroMax4_8  -  EtherealBitBoard

PGN-File: C:\Users\Andy\Desktop\arena_3.5\Tournaments\C#621-MicroMax-40_4.pgn

No:  B/W 1/2     W:B       1:2           Time        Value Moves Dep 1:2       1-2-Draws
  61 = =    8.5:8.5        24.5:36.5     4:27:22 PM    -0.01    70 10.500 :11.217  16-28-17
  62 W 2    9.5:8.5        24.5:37.5     4:42:29 PM    +M500    84 10.561 :11.024  16-29-17
  63 B 2    10.5:8.5       24.5:38.5     4:57:08 PM    -M500    79 10.360 :10.887  16-30-17
  64 B 1    11.5:8.5       25.5:38.5     5:25:11 PM      -M0   162 10.375 :10.870  17-30-17
  65 W 1    12.5:8.5       26.5:38.5     5:33:04 PM      +M0    49 10.339 :10.918  18-30-17
  66 W 2    13.5:8.5       26.5:39.5     5:48:39 PM    +M500    89 10.285 :10.949  18-31-17
  67 B 2    14.5:8.5       26.5:40.5     6:00:50 PM    -M500    71 10.313 :11.000  18-32-17
  68 B 1    15.5:8.5       27.5:40.5     6:08:13 PM      -M0    47 10.604 :11.027  19-32-17
  69 W 1    16.5:8.5       28.5:40.5     6:16:38 PM      +M0    50 10.776 :11.037  20-32-17
  70 = =    17.0:9.0       29.0:41.0     6:30:24 PM     0.00    82 10.756 :11.028  20-32-18
  71 W 1    18.0:9.0       30.0:41.0     6:42:52 PM      +M0    75 10.715 :11.026  21-32-18
  72 = =    18.5:9.5       30.5:41.5     7:05:58 PM    +0.01   134 10.658 :10.982  21-32-19
  73 B 2    19.5:9.5       30.5:42.5     7:23:36 PM    -M500    98 10.687 :10.983  21-33-19
  74 W 2    20.5:9.5       30.5:43.5     7:38:05 PM    +M500    84 10.802 :11.078  21-34-19
  75 = =    21.0:10.0      31.0:44.0     7:57:59 PM    -1.80   116 10.780 :11.096  21-34-20
  76 = =    21.5:10.5      31.5:44.5     8:07:00 PM     0.00    58 10.745 :11.093  21-34-21
  77 W 1    22.5:10.5      32.5:44.5     8:14:00 PM      +M0    40 10.762 :11.126  22-34-21
  78 W 2    23.5:10.5      32.5:45.5     8:26:32 PM    +M500    72 10.726 :11.120  22-35-21
  79 B 2    24.5:10.5      32.5:46.5     8:35:30 PM    -M500    55 10.739 :11.193  22-36-21
  80 B 1    25.5:10.5      33.5:46.5     8:42:04 PM      -M0    42 10.717 :11.197  23-36-21

--------------------------------------------------------------

Engine-Match Wednesday, April 27, 2016 8:42:12 PM
 Tournament 40/4 

Pairing 1/1 :    MicroMax4_8  -  EtherealBitBoard

PGN-File: C:\Users\Andy\Desktop\arena_3.5\Tournaments\C#621-MicroMax-40_4.pgn

No:  B/W 1/2     W:B       1:2           Time        Value Moves Dep 1:2       1-2-Draws
  81 = =    11.0:11.0      34.0:47.0     8:49:33 PM    -0.01    44 10.345 :10.750  23-36-22
  82 W 2    12.0:11.0      34.0:48.0     9:08:33 PM    +M500   104 10.441 :11.175  23-37-22
  83 W 1    13.0:11.0      35.0:48.0     9:18:46 PM      +M0    58 10.516 :11.120  24-37-22
  84 W 2    14.0:11.0      35.0:49.0     9:31:36 PM     0.00    63 10.302 :11.079  24-38-22
  85 B 2    15.0:11.0      35.0:50.0     9:47:00 PM    -M500    88 10.440 :11.186  24-39-22
  86 W 2    16.0:11.0      35.0:51.0     10:02:38 PM    +M500    84 10.458 :11.057  24-40-22
  87 B 2    17.0:11.0      35.0:52.0     10:20:47 PM    -M500   107 10.430 :11.091  24-41-22
  88 W 2    18.0:11.0      35.0:53.0     10:37:17 PM    +M500    93 10.504 :11.015  24-42-22
  89 W 1    19.0:11.0      36.0:53.0     10:47:28 PM      +M0    61 10.505 :11.064  25-42-22
  90 B 1    20.0:11.0      37.0:53.0     10:58:48 PM      -M0    66 10.716 :11.186  26-42-22
  91 B 2    21.0:11.0      37.0:54.0     11:18:49 PM    -M500   111 10.682 :11.110  26-43-22
  92 W 2    22.0:11.0      37.0:55.0     11:24:57 PM    +M500    39 10.855 :11.161  26-44-22
  93 W 1    23.0:11.0      38.0:55.0     11:33:26 PM      +M0    51 10.901 :11.142  27-44-22
  94 = =    23.5:11.5      38.5:55.5     11:51:40 PM     0.00   110 10.909 :11.155  27-44-23
  95 W 1    24.5:11.5      39.5:55.5     12:01:29 AM      +M0    56 10.891 :11.166  28-44-23
  96 W 2    25.5:11.5      39.5:56.5     12:09:46 AM    +M500    54 10.853 :11.182  28-45-23
  97 B 2    26.5:11.5      39.5:57.5     12:18:29 AM    -M500    52 10.874 :11.214  28-46-23
  98 W 2    27.5:11.5      39.5:58.5     12:33:19 AM    +M500    88 10.864 :11.204  28-47-23
  99 B 2    28.5:11.5      39.5:59.5     12:45:03 AM    -M500    68 10.863 :11.216  28-48-23
 100 B 1    29.5:11.5      40.5:59.5     12:53:53 AM      -M0    53 10.837 :11.192  29-48-23
